  [1m[35m (0.7ms)[0m  [1m[34mSELECT sqlite_version(*)[0m
  [1m[35m (1.2ms)[0m  [1m[35mCREATE TABLE "schema_migrations" ("version" varchar NOT NULL PRIMARY KEY)[0m
  [1m[35m (1.2ms)[0m  [1m[35mCREATE TABLE "ar_internal_metadata" ("key" varchar NOT NULL PRIMARY KEY, "value" varchar, "created_at" datetime NOT NULL, "updated_at" datetime NOT NULL)[0m
  [1m[35m (0.3ms)[0m  [1m[34mSELECT "schema_migrations"."version" FROM "schema_migrations" ORDER BY "schema_migrations"."version" ASC[0m
Migrating to CreateTodos (20170626231713)
  [1m[35m (0.1ms)[0m  [1m[36mbegin transaction[0m
  [1m[35m (0.6ms)[0m  [1m[35mCREATE TABLE "todos" ("id" INTEGER PRIMARY KEY AUTOINCREMENT NOT NULL, "title" varchar, "created_by" varchar, "created_at" datetime NOT NULL, "updated_at" datetime NOT NULL)[0m
  [1m[35mSQL (0.5ms)[0m  [1m[32mINSERT INTO "schema_migrations" ("version") VALUES (?)[0m  [["version", "20170626231713"]]
  [1m[35m (0.8ms)[0m  [1m[36mcommit transaction[0m
Migrating to CreateItems (20170626231928)
  [1m[35m (0.1ms)[0m  [1m[36mbegin transaction[0m
  [1m[35m (0.7ms)[0m  [1m[35mCREATE TABLE "items" ("id" INTEGER PRIMARY KEY AUTOINCREMENT NOT NULL, "name" varchar, "done" boolean, "todo_id" integer, "created_at" datetime NOT NULL, "updated_at" datetime NOT NULL, CONSTRAINT "fk_rails_c01e6b449d"
FOREIGN KEY ("todo_id")
  REFERENCES "todos" ("id")
)[0m
  [1m[35m (0.3ms)[0m  [1m[35mCREATE  INDEX "index_items_on_todo_id" ON "items" ("todo_id")[0m
  [1m[35mSQL (0.2ms)[0m  [1m[32mINSERT INTO "schema_migrations" ("version") VALUES (?)[0m  [["version", "20170626231928"]]
  [1m[35m (1.0ms)[0m  [1m[36mcommit transaction[0m
  [1m[36mActiveRecord::InternalMetadata Load (0.3ms)[0m  [1m[34mSELECT  "ar_internal_metadata".* FROM "ar_internal_metadata" WHERE "ar_internal_metadata"."key" = ? LIMIT ?[0m  [["key", "environment"], ["LIMIT", 1]]
  [1m[35m (0.1ms)[0m  [1m[36mbegin transaction[0m
  [1m[35mSQL (0.4ms)[0m  [1m[32mINSERT INTO "ar_internal_metadata" ("key", "value", "created_at", "updated_at") VALUES (?, ?, ?, ?)[0m  [["key", "environment"], ["value", "development"], ["created_at", "2017-06-26 23:35:38.759475"], ["updated_at", "2017-06-26 23:35:38.759475"]]
  [1m[35m (1.1ms)[0m  [1m[36mcommit transaction[0m
  [1m[35m (0.2ms)[0m  [1m[34mSELECT "schema_migrations"."version" FROM "schema_migrations" ORDER BY "schema_migrations"."version" ASC[0m
  [1m[35m (0.1ms)[0m  [1m[34m            SELECT sql
            FROM sqlite_master
            WHERE name='index_items_on_todo_id' AND type='index'
            UNION ALL
            SELECT sql
            FROM sqlite_temp_master
            WHERE name='index_items_on_todo_id' AND type='index'
[0m
Started GET "/todos/2/items" for 127.0.0.1 at 2017-06-27 09:14:48 -0500
  [1m[35m (10.9ms)[0m  [1m[34mSELECT "schema_migrations"."version" FROM "schema_migrations" ORDER BY "schema_migrations"."version" ASC[0m
  
AbstractController::ActionNotFound (The action 'index' could not be found for ItemsController):
  
actionpack (5.1.2) lib/abstract_controller/base.rb:119:in `process'
actionpack (5.1.2) lib/action_controller/metal.rb:189:in `dispatch'
actionpack (5.1.2) lib/action_controller/metal.rb:253:in `dispatch'
actionpack (5.1.2) lib/action_dispatch/routing/route_set.rb:49:in `dispatch'
actionpack (5.1.2) lib/action_dispatch/routing/route_set.rb:31:in `serve'
actionpack (5.1.2) lib/action_dispatch/journey/router.rb:46:in `block in serve'
actionpack (5.1.2) lib/action_dispatch/journey/router.rb:33:in `each'
actionpack (5.1.2) lib/action_dispatch/journey/router.rb:33:in `serve'
actionpack (5.1.2) lib/action_dispatch/routing/route_set.rb:832:in `call'
rack (2.0.3) lib/rack/etag.rb:25:in `call'
rack (2.0.3) lib/rack/conditional_get.rb:25:in `call'
rack (2.0.3) lib/rack/head.rb:12:in `call'
activerecord (5.1.2) lib/active_record/migration.rb:556:in `call'
actionpack (5.1.2) lib/action_dispatch/middleware/callbacks.rb:26:in `block in call'
activesupport (5.1.2) lib/active_support/callbacks.rb:97:in `run_callbacks'
actionpack (5.1.2) lib/action_dispatch/middleware/callbacks.rb:24:in `call'
actionpack (5.1.2) lib/action_dispatch/middleware/executor.rb:12:in `call'
actionpack (5.1.2) lib/action_dispatch/middleware/debug_exceptions.rb:59:in `call'
actionpack (5.1.2) lib/action_dispatch/middleware/show_exceptions.rb:31:in `call'
railties (5.1.2) lib/rails/rack/logger.rb:36:in `call_app'
railties (5.1.2) lib/rails/rack/logger.rb:24:in `block in call'
activesupport (5.1.2) lib/active_support/tagged_logging.rb:69:in `block in tagged'
activesupport (5.1.2) lib/active_support/tagged_logging.rb:26:in `tagged'
activesupport (5.1.2) lib/active_support/tagged_logging.rb:69:in `tagged'
railties (5.1.2) lib/rails/rack/logger.rb:24:in `call'
actionpack (5.1.2) lib/action_dispatch/middleware/remote_ip.rb:79:in `call'
actionpack (5.1.2) lib/action_dispatch/middleware/request_id.rb:25:in `call'
rack (2.0.3) lib/rack/runtime.rb:22:in `call'
activesupport (5.1.2) lib/active_support/cache/strategy/local_cache_middleware.rb:27:in `call'
actionpack (5.1.2) lib/action_dispatch/middleware/executor.rb:12:in `call'
actionpack (5.1.2) lib/action_dispatch/middleware/static.rb:125:in `call'
rack (2.0.3) lib/rack/sendfile.rb:111:in `call'
railties (5.1.2) lib/rails/engine.rb:522:in `call'
puma (3.9.1) lib/puma/configuration.rb:224:in `call'
puma (3.9.1) lib/puma/server.rb:602:in `handle_request'
puma (3.9.1) lib/puma/server.rb:435:in `process_client'
puma (3.9.1) lib/puma/server.rb:299:in `block in run'
puma (3.9.1) lib/puma/thread_pool.rb:120:in `block in spawn_thread'
Started GET "/" for 127.0.0.1 at 2017-06-27 09:16:56 -0500
Processing by Rails::WelcomeController#index as HTML
  Rendering /Users/luismurillo/.rbenv/versions/2.3.0/lib/ruby/gems/2.3.0/gems/railties-5.1.2/lib/rails/templates/rails/welcome/index.html.erb
  Rendered /Users/luismurillo/.rbenv/versions/2.3.0/lib/ruby/gems/2.3.0/gems/railties-5.1.2/lib/rails/templates/rails/welcome/index.html.erb (84.3ms)
Completed 200 OK in 280ms (Views: 191.7ms | ActiveRecord: 0.0ms)


Started GET "/favicon.ico" for 127.0.0.1 at 2017-06-27 09:16:59 -0500
  
ActionController::RoutingError (No route matches [GET] "/favicon.ico"):
  
actionpack (5.1.2) lib/action_dispatch/middleware/debug_exceptions.rb:63:in `call'
actionpack (5.1.2) lib/action_dispatch/middleware/show_exceptions.rb:31:in `call'
railties (5.1.2) lib/rails/rack/logger.rb:36:in `call_app'
railties (5.1.2) lib/rails/rack/logger.rb:24:in `block in call'
activesupport (5.1.2) lib/active_support/tagged_logging.rb:69:in `block in tagged'
activesupport (5.1.2) lib/active_support/tagged_logging.rb:26:in `tagged'
activesupport (5.1.2) lib/active_support/tagged_logging.rb:69:in `tagged'
railties (5.1.2) lib/rails/rack/logger.rb:24:in `call'
actionpack (5.1.2) lib/action_dispatch/middleware/remote_ip.rb:79:in `call'
actionpack (5.1.2) lib/action_dispatch/middleware/request_id.rb:25:in `call'
rack (2.0.3) lib/rack/runtime.rb:22:in `call'
activesupport (5.1.2) lib/active_support/cache/strategy/local_cache_middleware.rb:27:in `call'
actionpack (5.1.2) lib/action_dispatch/middleware/executor.rb:12:in `call'
actionpack (5.1.2) lib/action_dispatch/middleware/static.rb:125:in `call'
rack (2.0.3) lib/rack/sendfile.rb:111:in `call'
railties (5.1.2) lib/rails/engine.rb:522:in `call'
puma (3.9.1) lib/puma/configuration.rb:224:in `call'
puma (3.9.1) lib/puma/server.rb:602:in `handle_request'
puma (3.9.1) lib/puma/server.rb:435:in `process_client'
puma (3.9.1) lib/puma/server.rb:299:in `block in run'
puma (3.9.1) lib/puma/thread_pool.rb:120:in `block in spawn_thread'
Started GET "/" for 127.0.0.1 at 2017-06-27 09:17:21 -0500
Processing by Rails::WelcomeController#index as */*
  Rendering /Users/luismurillo/.rbenv/versions/2.3.0/lib/ruby/gems/2.3.0/gems/railties-5.1.2/lib/rails/templates/rails/welcome/index.html.erb
  Rendered /Users/luismurillo/.rbenv/versions/2.3.0/lib/ruby/gems/2.3.0/gems/railties-5.1.2/lib/rails/templates/rails/welcome/index.html.erb (3.4ms)
Completed 200 OK in 56ms (Views: 26.1ms | ActiveRecord: 0.0ms)


Started GET "/todos" for 127.0.0.1 at 2017-06-27 09:17:29 -0500
Processing by TodosController#index as */*
  [1m[36mTodo Load (11.9ms)[0m  [1m[34mSELECT "todos".* FROM "todos"[0m
Completed 200 OK in 165ms (Views: 4.3ms | ActiveRecord: 12.2ms)


Started GET "/todos/2" for 127.0.0.1 at 2017-06-27 09:18:28 -0500
Processing by TodosController#show as */*
  Parameters: {"id"=>"2"}
  [1m[36mTodo Load (0.8ms)[0m  [1m[34mSELECT  "todos".* FROM "todos" WHERE "todos"."id" = ? LIMIT ?[0m  [["id", 2], ["LIMIT", 1]]
Completed 404 Not Found in 283ms (Views: 2.0ms | ActiveRecord: 2.3ms)


Started POST "/todos/2/items" for 127.0.0.1 at 2017-06-27 09:21:02 -0500
  
AbstractController::ActionNotFound (The action 'create' could not be found for ItemsController):
  
actionpack (5.1.2) lib/abstract_controller/base.rb:119:in `process'
actionpack (5.1.2) lib/action_controller/metal.rb:189:in `dispatch'
actionpack (5.1.2) lib/action_controller/metal.rb:253:in `dispatch'
actionpack (5.1.2) lib/action_dispatch/routing/route_set.rb:49:in `dispatch'
actionpack (5.1.2) lib/action_dispatch/routing/route_set.rb:31:in `serve'
actionpack (5.1.2) lib/action_dispatch/journey/router.rb:46:in `block in serve'
actionpack (5.1.2) lib/action_dispatch/journey/router.rb:33:in `each'
actionpack (5.1.2) lib/action_dispatch/journey/router.rb:33:in `serve'
actionpack (5.1.2) lib/action_dispatch/routing/route_set.rb:832:in `call'
rack (2.0.3) lib/rack/etag.rb:25:in `call'
rack (2.0.3) lib/rack/conditional_get.rb:38:in `call'
rack (2.0.3) lib/rack/head.rb:12:in `call'
activerecord (5.1.2) lib/active_record/migration.rb:556:in `call'
actionpack (5.1.2) lib/action_dispatch/middleware/callbacks.rb:26:in `block in call'
activesupport (5.1.2) lib/active_support/callbacks.rb:97:in `run_callbacks'
actionpack (5.1.2) lib/action_dispatch/middleware/callbacks.rb:24:in `call'
actionpack (5.1.2) lib/action_dispatch/middleware/executor.rb:12:in `call'
actionpack (5.1.2) lib/action_dispatch/middleware/debug_exceptions.rb:59:in `call'
actionpack (5.1.2) lib/action_dispatch/middleware/show_exceptions.rb:31:in `call'
railties (5.1.2) lib/rails/rack/logger.rb:36:in `call_app'
railties (5.1.2) lib/rails/rack/logger.rb:24:in `block in call'
activesupport (5.1.2) lib/active_support/tagged_logging.rb:69:in `block in tagged'
activesupport (5.1.2) lib/active_support/tagged_logging.rb:26:in `tagged'
activesupport (5.1.2) lib/active_support/tagged_logging.rb:69:in `tagged'
railties (5.1.2) lib/rails/rack/logger.rb:24:in `call'
actionpack (5.1.2) lib/action_dispatch/middleware/remote_ip.rb:79:in `call'
actionpack (5.1.2) lib/action_dispatch/middleware/request_id.rb:25:in `call'
rack (2.0.3) lib/rack/runtime.rb:22:in `call'
activesupport (5.1.2) lib/active_support/cache/strategy/local_cache_middleware.rb:27:in `call'
actionpack (5.1.2) lib/action_dispatch/middleware/executor.rb:12:in `call'
actionpack (5.1.2) lib/action_dispatch/middleware/static.rb:125:in `call'
rack (2.0.3) lib/rack/sendfile.rb:111:in `call'
railties (5.1.2) lib/rails/engine.rb:522:in `call'
puma (3.9.1) lib/puma/configuration.rb:224:in `call'
puma (3.9.1) lib/puma/server.rb:602:in `handle_request'
puma (3.9.1) lib/puma/server.rb:435:in `process_client'
puma (3.9.1) lib/puma/server.rb:299:in `block in run'
puma (3.9.1) lib/puma/thread_pool.rb:120:in `block in spawn_thread'
Started GET "/todos" for 127.0.0.1 at 2017-06-27 09:23:03 -0500
  [1m[35m (0.4ms)[0m  [1m[34mSELECT "schema_migrations"."version" FROM "schema_migrations" ORDER BY "schema_migrations"."version" ASC[0m
Processing by TodosController#index as */*
  [1m[36mTodo Load (11.8ms)[0m  [1m[34mSELECT "todos".* FROM "todos"[0m
Completed 200 OK in 45ms (Views: 1.6ms | ActiveRecord: 12.2ms)


Started POST "/todos/2" for 127.0.0.1 at 2017-06-27 09:24:39 -0500
  
ActionController::RoutingError (No route matches [POST] "/todos/2"):
  
actionpack (5.1.2) lib/action_dispatch/middleware/debug_exceptions.rb:63:in `call'
actionpack (5.1.2) lib/action_dispatch/middleware/show_exceptions.rb:31:in `call'
railties (5.1.2) lib/rails/rack/logger.rb:36:in `call_app'
railties (5.1.2) lib/rails/rack/logger.rb:24:in `block in call'
activesupport (5.1.2) lib/active_support/tagged_logging.rb:69:in `block in tagged'
activesupport (5.1.2) lib/active_support/tagged_logging.rb:26:in `tagged'
activesupport (5.1.2) lib/active_support/tagged_logging.rb:69:in `tagged'
railties (5.1.2) lib/rails/rack/logger.rb:24:in `call'
actionpack (5.1.2) lib/action_dispatch/middleware/remote_ip.rb:79:in `call'
actionpack (5.1.2) lib/action_dispatch/middleware/request_id.rb:25:in `call'
rack (2.0.3) lib/rack/runtime.rb:22:in `call'
activesupport (5.1.2) lib/active_support/cache/strategy/local_cache_middleware.rb:27:in `call'
actionpack (5.1.2) lib/action_dispatch/middleware/executor.rb:12:in `call'
actionpack (5.1.2) lib/action_dispatch/middleware/static.rb:125:in `call'
rack (2.0.3) lib/rack/sendfile.rb:111:in `call'
railties (5.1.2) lib/rails/engine.rb:522:in `call'
puma (3.9.1) lib/puma/configuration.rb:224:in `call'
puma (3.9.1) lib/puma/server.rb:602:in `handle_request'
puma (3.9.1) lib/puma/server.rb:435:in `process_client'
puma (3.9.1) lib/puma/server.rb:299:in `block in run'
puma (3.9.1) lib/puma/thread_pool.rb:120:in `block in spawn_thread'
Started POST "/todos/2/items" for 127.0.0.1 at 2017-06-27 09:25:03 -0500
  
AbstractController::ActionNotFound (The action 'create' could not be found for ItemsController):
  
actionpack (5.1.2) lib/abstract_controller/base.rb:119:in `process'
actionpack (5.1.2) lib/action_controller/metal.rb:189:in `dispatch'
actionpack (5.1.2) lib/action_controller/metal.rb:253:in `dispatch'
actionpack (5.1.2) lib/action_dispatch/routing/route_set.rb:49:in `dispatch'
actionpack (5.1.2) lib/action_dispatch/routing/route_set.rb:31:in `serve'
actionpack (5.1.2) lib/action_dispatch/journey/router.rb:46:in `block in serve'
actionpack (5.1.2) lib/action_dispatch/journey/router.rb:33:in `each'
actionpack (5.1.2) lib/action_dispatch/journey/router.rb:33:in `serve'
actionpack (5.1.2) lib/action_dispatch/routing/route_set.rb:832:in `call'
rack (2.0.3) lib/rack/etag.rb:25:in `call'
rack (2.0.3) lib/rack/conditional_get.rb:38:in `call'
rack (2.0.3) lib/rack/head.rb:12:in `call'
activerecord (5.1.2) lib/active_record/migration.rb:556:in `call'
actionpack (5.1.2) lib/action_dispatch/middleware/callbacks.rb:26:in `block in call'
activesupport (5.1.2) lib/active_support/callbacks.rb:97:in `run_callbacks'
actionpack (5.1.2) lib/action_dispatch/middleware/callbacks.rb:24:in `call'
actionpack (5.1.2) lib/action_dispatch/middleware/executor.rb:12:in `call'
actionpack (5.1.2) lib/action_dispatch/middleware/debug_exceptions.rb:59:in `call'
actionpack (5.1.2) lib/action_dispatch/middleware/show_exceptions.rb:31:in `call'
railties (5.1.2) lib/rails/rack/logger.rb:36:in `call_app'
railties (5.1.2) lib/rails/rack/logger.rb:24:in `block in call'
activesupport (5.1.2) lib/active_support/tagged_logging.rb:69:in `block in tagged'
activesupport (5.1.2) lib/active_support/tagged_logging.rb:26:in `tagged'
activesupport (5.1.2) lib/active_support/tagged_logging.rb:69:in `tagged'
railties (5.1.2) lib/rails/rack/logger.rb:24:in `call'
actionpack (5.1.2) lib/action_dispatch/middleware/remote_ip.rb:79:in `call'
actionpack (5.1.2) lib/action_dispatch/middleware/request_id.rb:25:in `call'
rack (2.0.3) lib/rack/runtime.rb:22:in `call'
activesupport (5.1.2) lib/active_support/cache/strategy/local_cache_middleware.rb:27:in `call'
actionpack (5.1.2) lib/action_dispatch/middleware/executor.rb:12:in `call'
actionpack (5.1.2) lib/action_dispatch/middleware/static.rb:125:in `call'
rack (2.0.3) lib/rack/sendfile.rb:111:in `call'
railties (5.1.2) lib/rails/engine.rb:522:in `call'
puma (3.9.1) lib/puma/configuration.rb:224:in `call'
puma (3.9.1) lib/puma/server.rb:602:in `handle_request'
puma (3.9.1) lib/puma/server.rb:435:in `process_client'
puma (3.9.1) lib/puma/server.rb:299:in `block in run'
puma (3.9.1) lib/puma/thread_pool.rb:120:in `block in spawn_thread'
Started POST "/todos/2/items?name=%22prueba%22&done=false" for 127.0.0.1 at 2017-06-27 09:26:58 -0500
  
AbstractController::ActionNotFound (The action 'create' could not be found for ItemsController):
  
actionpack (5.1.2) lib/abstract_controller/base.rb:119:in `process'
actionpack (5.1.2) lib/action_controller/metal.rb:189:in `dispatch'
actionpack (5.1.2) lib/action_controller/metal.rb:253:in `dispatch'
actionpack (5.1.2) lib/action_dispatch/routing/route_set.rb:49:in `dispatch'
actionpack (5.1.2) lib/action_dispatch/routing/route_set.rb:31:in `serve'
actionpack (5.1.2) lib/action_dispatch/journey/router.rb:46:in `block in serve'
actionpack (5.1.2) lib/action_dispatch/journey/router.rb:33:in `each'
actionpack (5.1.2) lib/action_dispatch/journey/router.rb:33:in `serve'
actionpack (5.1.2) lib/action_dispatch/routing/route_set.rb:832:in `call'
rack (2.0.3) lib/rack/etag.rb:25:in `call'
rack (2.0.3) lib/rack/conditional_get.rb:38:in `call'
rack (2.0.3) lib/rack/head.rb:12:in `call'
activerecord (5.1.2) lib/active_record/migration.rb:556:in `call'
actionpack (5.1.2) lib/action_dispatch/middleware/callbacks.rb:26:in `block in call'
activesupport (5.1.2) lib/active_support/callbacks.rb:97:in `run_callbacks'
actionpack (5.1.2) lib/action_dispatch/middleware/callbacks.rb:24:in `call'
actionpack (5.1.2) lib/action_dispatch/middleware/executor.rb:12:in `call'
actionpack (5.1.2) lib/action_dispatch/middleware/debug_exceptions.rb:59:in `call'
actionpack (5.1.2) lib/action_dispatch/middleware/show_exceptions.rb:31:in `call'
railties (5.1.2) lib/rails/rack/logger.rb:36:in `call_app'
railties (5.1.2) lib/rails/rack/logger.rb:24:in `block in call'
activesupport (5.1.2) lib/active_support/tagged_logging.rb:69:in `block in tagged'
activesupport (5.1.2) lib/active_support/tagged_logging.rb:26:in `tagged'
activesupport (5.1.2) lib/active_support/tagged_logging.rb:69:in `tagged'
railties (5.1.2) lib/rails/rack/logger.rb:24:in `call'
actionpack (5.1.2) lib/action_dispatch/middleware/remote_ip.rb:79:in `call'
actionpack (5.1.2) lib/action_dispatch/middleware/request_id.rb:25:in `call'
rack (2.0.3) lib/rack/runtime.rb:22:in `call'
activesupport (5.1.2) lib/active_support/cache/strategy/local_cache_middleware.rb:27:in `call'
actionpack (5.1.2) lib/action_dispatch/middleware/executor.rb:12:in `call'
actionpack (5.1.2) lib/action_dispatch/middleware/static.rb:125:in `call'
rack (2.0.3) lib/rack/sendfile.rb:111:in `call'
railties (5.1.2) lib/rails/engine.rb:522:in `call'
puma (3.9.1) lib/puma/configuration.rb:224:in `call'
puma (3.9.1) lib/puma/server.rb:602:in `handle_request'
puma (3.9.1) lib/puma/server.rb:435:in `process_client'
puma (3.9.1) lib/puma/server.rb:299:in `block in run'
puma (3.9.1) lib/puma/thread_pool.rb:120:in `block in spawn_thread'
  [1m[35m (0.8ms)[0m  [1m[34mSELECT "schema_migrations"."version" FROM "schema_migrations" ORDER BY "schema_migrations"."version" ASC[0m
Migrating to CreateUsers (20170627142910)
  [1m[35m (0.1ms)[0m  [1m[36mbegin transaction[0m
  [1m[35m (7.4ms)[0m  [1m[34mSELECT sqlite_version(*)[0m
  [1m[35m (0.5ms)[0m  [1m[35mCREATE TABLE "users" ("id" INTEGER PRIMARY KEY AUTOINCREMENT NOT NULL, "name" varchar, "email" varchar, "password_digest" varchar, "created_at" datetime NOT NULL, "updated_at" datetime NOT NULL)[0m
  [1m[35mSQL (0.5ms)[0m  [1m[32mINSERT INTO "schema_migrations" ("version") VALUES (?)[0m  [["version", "20170627142910"]]
  [1m[35m (1.1ms)[0m  [1m[36mcommit transaction[0m
  [1m[36mActiveRecord::InternalMetadata Load (33.6ms)[0m  [1m[34mSELECT  "ar_internal_metadata".* FROM "ar_internal_metadata" WHERE "ar_internal_metadata"."key" = ? LIMIT ?[0m  [["key", "environment"], ["LIMIT", 1]]
  [1m[35m (0.1ms)[0m  [1m[36mbegin transaction[0m
  [1m[35m (0.1ms)[0m  [1m[36mcommit transaction[0m
  [1m[35m (0.1ms)[0m  [1m[34mSELECT "schema_migrations"."version" FROM "schema_migrations" ORDER BY "schema_migrations"."version" ASC[0m
  [1m[35m (0.2ms)[0m  [1m[34m            SELECT sql
            FROM sqlite_master
            WHERE name='index_items_on_todo_id' AND type='index'
            UNION ALL
            SELECT sql
            FROM sqlite_temp_master
            WHERE name='index_items_on_todo_id' AND type='index'
[0m
  [1m[35m (0.4ms)[0m  [1m[34mSELECT "schema_migrations"."version" FROM "schema_migrations" ORDER BY "schema_migrations"."version" ASC[0m
  [1m[35m (7.5ms)[0m  [1m[34mSELECT "ar_internal_metadata"."value" FROM "ar_internal_metadata" WHERE "ar_internal_metadata"."key" = ?[0m  [["key", "environment"]]
  [1m[35m (0.1ms)[0m  [1m[34mSELECT "schema_migrations"."version" FROM "schema_migrations" ORDER BY "schema_migrations"."version" ASC[0m
  [1m[35m (0.1ms)[0m  [1m[34mSELECT "ar_internal_metadata"."value" FROM "ar_internal_metadata" WHERE "ar_internal_metadata"."key" = ?[0m  [["key", "environment"]]
  [1m[35m (0.1ms)[0m  [1m[34mSELECT "schema_migrations"."version" FROM "schema_migrations" ORDER BY "schema_migrations"."version" ASC[0m
  [1m[35m (0.1ms)[0m  [1m[34mSELECT "ar_internal_metadata"."value" FROM "ar_internal_metadata" WHERE "ar_internal_metadata"."key" = ?[0m  [["key", "environment"]]
  [1m[35m (16.8ms)[0m  [1m[35mDROP TABLE IF EXISTS "items"[0m
  [1m[35m (0.1ms)[0m  [1m[34mSELECT sqlite_version(*)[0m
  [1m[35m (1.6ms)[0m  [1m[35mCREATE TABLE "items" ("id" INTEGER PRIMARY KEY AUTOINCREMENT NOT NULL, "name" varchar, "done" boolean, "todo_id" integer, "created_at" datetime NOT NULL, "updated_at" datetime NOT NULL)[0m
  [1m[35m (1.4ms)[0m  [1m[35mCREATE  INDEX "index_items_on_todo_id" ON "items" ("todo_id")[0m
  [1m[35m (0.1ms)[0m  [1m[35mDROP TABLE IF EXISTS "todos"[0m
  [1m[35m (1.3ms)[0m  [1m[35mCREATE TABLE "todos" ("id" INTEGER PRIMARY KEY AUTOINCREMENT NOT NULL, "title" varchar, "created_by" varchar, "created_at" datetime NOT NULL, "updated_at" datetime NOT NULL)[0m
  [1m[35m (0.1ms)[0m  [1m[35mDROP TABLE IF EXISTS "users"[0m
  [1m[35m (1.2ms)[0m  [1m[35mCREATE TABLE "users" ("id" INTEGER PRIMARY KEY AUTOINCREMENT NOT NULL, "name" varchar, "email" varchar, "password_digest" varchar, "created_at" datetime NOT NULL, "updated_at" datetime NOT NULL)[0m
  [1m[35m (1.2ms)[0m  [1m[35mCREATE TABLE "schema_migrations" ("version" varchar NOT NULL PRIMARY KEY)[0m
  [1m[35m (0.2ms)[0m  [1m[34mSELECT "schema_migrations"."version" FROM "schema_migrations" ORDER BY "schema_migrations"."version" ASC[0m
  [1m[35m (1.2ms)[0m  [1m[32mINSERT INTO "schema_migrations" (version) VALUES (20170627142910)[0m
  [1m[35m (1.4ms)[0m  [1m[32mINSERT INTO "schema_migrations" (version) VALUES
(20170626231713),
(20170626231928);

[0m
  [1m[35m (1.4ms)[0m  [1m[35mCREATE TABLE "ar_internal_metadata" ("key" varchar NOT NULL PRIMARY KEY, "value" varchar, "created_at" datetime NOT NULL, "updated_at" datetime NOT NULL)[0m
  [1m[36mActiveRecord::InternalMetadata Load (0.2ms)[0m  [1m[34mSELECT  "ar_internal_metadata".* FROM "ar_internal_metadata" WHERE "ar_internal_metadata"."key" = ? LIMIT ?[0m  [["key", "environment"], ["LIMIT", 1]]
  [1m[35m (0.1ms)[0m  [1m[36mbegin transaction[0m
  [1m[35mSQL (0.4ms)[0m  [1m[32mINSERT INTO "ar_internal_metadata" ("key", "value", "created_at", "updated_at") VALUES (?, ?, ?, ?)[0m  [["key", "environment"], ["value", "development"], ["created_at", "2017-06-27 14:30:26.039684"], ["updated_at", "2017-06-27 14:30:26.039684"]]
  [1m[35m (1.2ms)[0m  [1m[36mcommit transaction[0m
  [1m[36mActiveRecord::InternalMetadata Load (0.1ms)[0m  [1m[34mSELECT  "ar_internal_metadata".* FROM "ar_internal_metadata" WHERE "ar_internal_metadata"."key" = ? LIMIT ?[0m  [["key", "environment"], ["LIMIT", 1]]
  [1m[35m (0.1ms)[0m  [1m[36mbegin transaction[0m
  [1m[35m (0.1ms)[0m  [1m[36mcommit transaction[0m
Started GET "/todos" for 127.0.0.1 at 2017-06-27 12:50:29 -0500
  [1m[35m (0.5ms)[0m  [1m[34mSELECT "schema_migrations"."version" FROM "schema_migrations" ORDER BY "schema_migrations"."version" ASC[0m
Processing by TodosController#index as */*
  [1m[36mTodo Load (16.0ms)[0m  [1m[34mSELECT "todos".* FROM "todos"[0m
Completed 200 OK in 58ms (Views: 15.2ms | ActiveRecord: 16.4ms)


Started POST "/todos" for 127.0.0.1 at 2017-06-27 13:07:10 -0500
Processing by TodosController#create as JSON
  Parameters: {"title"=>"Mozart", "created_by"=>"1", "todo"=>{"title"=>"Mozart", "created_by"=>"1"}}
Unpermitted parameter: :todo
  [1m[35m (0.1ms)[0m  [1m[36mbegin transaction[0m
  [1m[35mSQL (82.3ms)[0m  [1m[32mINSERT INTO "todos" ("title", "created_by", "created_at", "updated_at") VALUES (?, ?, ?, ?)[0m  [["title", "Mozart"], ["created_by", "1"], ["created_at", "2017-06-27 18:07:11.294764"], ["updated_at", "2017-06-27 18:07:11.294764"]]
  [1m[35m (1.6ms)[0m  [1m[36mcommit transaction[0m
Completed 201 Created in 361ms (Views: 85.7ms | ActiveRecord: 86.3ms)


Started PUT "/todos/1" for 127.0.0.1 at 2017-06-27 13:09:22 -0500
Processing by TodosController#update as JSON
  Parameters: {"title"=>"Beethoven", "id"=>"1", "todo"=>{"title"=>"Beethoven"}}
  [1m[36mTodo Load (49.9ms)[0m  [1m[34mSELECT  "todos".* FROM "todos" WHERE "todos"."id" = ? LIMIT ?[0m  [["id", 1], ["LIMIT", 1]]
Unpermitted parameters: :id, :todo
  [1m[35m (0.3ms)[0m  [1m[36mbegin transaction[0m
  [1m[35mSQL (0.6ms)[0m  [1m[33mUPDATE "todos" SET "title" = ?, "updated_at" = ? WHERE "todos"."id" = ?[0m  [["title", "Beethoven"], ["updated_at", "2017-06-27 18:09:23.809273"], ["id", 1]]
  [1m[35m (67.5ms)[0m  [1m[36mcommit transaction[0m
Completed 204 No Content in 534ms (ActiveRecord: 118.3ms)


Started GET "/todos" for 127.0.0.1 at 2017-06-27 13:11:06 -0500
Processing by TodosController#index as */*
  [1m[36mTodo Load (22.1ms)[0m  [1m[34mSELECT "todos".* FROM "todos"[0m
Completed 200 OK in 107ms (Views: 59.1ms | ActiveRecord: 22.1ms)


Started DELETE "/todos/1" for 127.0.0.1 at 2017-06-27 13:14:04 -0500
Processing by TodosController#destroy as */*
  Parameters: {"id"=>"1"}
  [1m[36mTodo Load (0.3ms)[0m  [1m[34mSELECT  "todos".* FROM "todos" WHERE "todos"."id" = ? LIMIT ?[0m  [["id", 1], ["LIMIT", 1]]
  [1m[35m (0.2ms)[0m  [1m[36mbegin transaction[0m
  [1m[36mItem Load (17.1ms)[0m  [1m[34mSELECT "items".* FROM "items" WHERE "items"."todo_id" = ?[0m  [["todo_id", 1]]
  [1m[35mSQL (36.8ms)[0m  [1m[31mDELETE FROM "todos" WHERE "todos"."id" = ?[0m  [["id", 1]]
  [1m[35m (1.0ms)[0m  [1m[36mcommit transaction[0m
Completed 204 No Content in 564ms (ActiveRecord: 55.9ms)


Started GET "/todos" for 127.0.0.1 at 2017-06-27 13:14:17 -0500
Processing by TodosController#index as */*
  [1m[36mTodo Load (0.3ms)[0m  [1m[34mSELECT "todos".* FROM "todos"[0m
Completed 200 OK in 2ms (Views: 0.8ms | ActiveRecord: 0.3ms)


Started GET "/todos/2/items" for 127.0.0.1 at 2017-06-27 13:14:56 -0500
Processing by ItemsController#index as */*
  Parameters: {"todo_id"=>"2"}
  [1m[36mTodo Load (0.2ms)[0m  [1m[34mSELECT  "todos".* FROM "todos" WHERE "todos"."id" = ? LIMIT ?[0m  [["id", 2], ["LIMIT", 1]]
Completed 404 Not Found in 2ms (Views: 0.3ms | ActiveRecord: 0.2ms)


Started POST "/todos" for 127.0.0.1 at 2017-06-27 13:15:19 -0500
Processing by TodosController#create as JSON
  Parameters: {"title"=>"Mozart", "created_by"=>"2", "todo"=>{"title"=>"Mozart", "created_by"=>"2"}}
Unpermitted parameter: :todo
  [1m[35m (0.2ms)[0m  [1m[36mbegin transaction[0m
  [1m[35mSQL (0.8ms)[0m  [1m[32mINSERT INTO "todos" ("title", "created_by", "created_at", "updated_at") VALUES (?, ?, ?, ?)[0m  [["title", "Mozart"], ["created_by", "2"], ["created_at", "2017-06-27 18:15:20.021736"], ["updated_at", "2017-06-27 18:15:20.021736"]]
  [1m[35m (1.3ms)[0m  [1m[36mcommit transaction[0m
Completed 201 Created in 29ms (Views: 3.2ms | ActiveRecord: 2.4ms)


Started GET "/todos/2/items" for 127.0.0.1 at 2017-06-27 13:15:29 -0500
Processing by ItemsController#index as */*
  Parameters: {"todo_id"=>"2"}
  [1m[36mTodo Load (0.3ms)[0m  [1m[34mSELECT  "todos".* FROM "todos" WHERE "todos"."id" = ? LIMIT ?[0m  [["id", 2], ["LIMIT", 1]]
  [1m[36mItem Load (6.9ms)[0m  [1m[34mSELECT "items".* FROM "items" WHERE "items"."todo_id" = ?[0m  [["todo_id", 2]]
Completed 200 OK in 14ms (Views: 3.9ms | ActiveRecord: 7.3ms)


Started POST "/todos/2/items" for 127.0.0.1 at 2017-06-27 13:15:55 -0500
Processing by ItemsController#create as JSON
  Parameters: {"name"=>"Listen to 5th Symphony", "done"=>"false", "todo_id"=>"2", "item"=>{"name"=>"Listen to 5th Symphony", "done"=>"false"}}
  [1m[36mTodo Load (0.7ms)[0m  [1m[34mSELECT  "todos".* FROM "todos" WHERE "todos"."id" = ? LIMIT ?[0m  [["id", 2], ["LIMIT", 1]]
Unpermitted parameters: :todo_id, :item
  [1m[35m (0.2ms)[0m  [1m[36mbegin transaction[0m
  [1m[35mSQL (80.0ms)[0m  [1m[32mINSERT INTO "items" ("name", "done", "todo_id", "created_at", "updated_at") VALUES (?, ?, ?, ?, ?)[0m  [["name", "Listen to 5th Symphony"], ["done", "f"], ["todo_id", 2], ["created_at", "2017-06-27 18:15:55.783425"], ["updated_at", "2017-06-27 18:15:55.783425"]]
  [1m[35m (53.5ms)[0m  [1m[36mcommit transaction[0m
Completed 201 Created in 467ms (Views: 6.4ms | ActiveRecord: 137.6ms)


Started PUT "/todos/2/items/1" for 127.0.0.1 at 2017-06-27 13:16:27 -0500
Processing by ItemsController#update as JSON
  Parameters: {"done"=>"true", "todo_id"=>"2", "id"=>"1", "item"=>{"done"=>"true"}}
  [1m[36mTodo Load (1.6ms)[0m  [1m[34mSELECT  "todos".* FROM "todos" WHERE "todos"."id" = ? LIMIT ?[0m  [["id", 2], ["LIMIT", 1]]
  [1m[36mItem Load (1.0ms)[0m  [1m[34mSELECT  "items".* FROM "items" WHERE "items"."todo_id" = ? AND "items"."id" = ? LIMIT ?[0m  [["todo_id", 2], ["id", 1], ["LIMIT", 1]]
Unpermitted parameters: :todo_id, :id, :item
  [1m[35m (0.3ms)[0m  [1m[36mbegin transaction[0m
  [1m[35mSQL (0.9ms)[0m  [1m[33mUPDATE "items" SET "done" = ?, "updated_at" = ? WHERE "items"."id" = ?[0m  [["done", "t"], ["updated_at", "2017-06-27 18:16:27.525989"], ["id", 1]]
  [1m[35m (1.6ms)[0m  [1m[36mcommit transaction[0m
Completed 204 No Content in 84ms (ActiveRecord: 5.3ms)


Started GET "/todos/2/items" for 127.0.0.1 at 2017-06-27 13:16:52 -0500
Processing by ItemsController#index as */*
  Parameters: {"todo_id"=>"2"}
  [1m[36mTodo Load (53.8ms)[0m  [1m[34mSELECT  "todos".* FROM "todos" WHERE "todos"."id" = ? LIMIT ?[0m  [["id", 2], ["LIMIT", 1]]
  [1m[36mItem Load (0.6ms)[0m  [1m[34mSELECT "items".* FROM "items" WHERE "items"."todo_id" = ?[0m  [["todo_id", 2]]
Completed 200 OK in 262ms (Views: 165.1ms | ActiveRecord: 54.3ms)


Started POST "/todos/2/items" for 127.0.0.1 at 2017-06-27 13:28:16 -0500
Processing by ItemsController#create as JSON
  Parameters: {"name"=>"more than words", "done"=>"false", "todo_id"=>"2", "item"=>{"name"=>"more than words", "done"=>"false"}}
  [1m[36mTodo Load (3.5ms)[0m  [1m[34mSELECT  "todos".* FROM "todos" WHERE "todos"."id" = ? LIMIT ?[0m  [["id", 2], ["LIMIT", 1]]
Unpermitted parameters: :todo_id, :item
  [1m[35m (0.4ms)[0m  [1m[36mbegin transaction[0m
  [1m[35mSQL (22.5ms)[0m  [1m[32mINSERT INTO "items" ("name", "done", "todo_id", "created_at", "updated_at") VALUES (?, ?, ?, ?, ?)[0m  [["name", "more than words"], ["done", "f"], ["todo_id", 2], ["created_at", "2017-06-27 18:28:16.533077"], ["updated_at", "2017-06-27 18:28:16.533077"]]
  [1m[35m (2.1ms)[0m  [1m[36mcommit transaction[0m
Completed 201 Created in 113ms (Views: 6.3ms | ActiveRecord: 28.5ms)


Started GET "/todos/2/items" for 127.0.0.1 at 2017-06-27 13:28:19 -0500
Processing by ItemsController#index as */*
  Parameters: {"todo_id"=>"2"}
  [1m[36mTodo Load (0.3ms)[0m  [1m[34mSELECT  "todos".* FROM "todos" WHERE "todos"."id" = ? LIMIT ?[0m  [["id", 2], ["LIMIT", 1]]
  [1m[36mItem Load (0.3ms)[0m  [1m[34mSELECT "items".* FROM "items" WHERE "items"."todo_id" = ?[0m  [["todo_id", 2]]
Completed 200 OK in 13ms (Views: 11.2ms | ActiveRecord: 0.7ms)


Started DELETE "/todos/2/items/1" for 127.0.0.1 at 2017-06-27 13:30:20 -0500
Processing by ItemsController#destroy as */*
  Parameters: {"todo_id"=>"2", "id"=>"1"}
  [1m[36mTodo Load (1.4ms)[0m  [1m[34mSELECT  "todos".* FROM "todos" WHERE "todos"."id" = ? LIMIT ?[0m  [["id", 2], ["LIMIT", 1]]
  [1m[36mItem Load (0.8ms)[0m  [1m[34mSELECT  "items".* FROM "items" WHERE "items"."todo_id" = ? AND "items"."id" = ? LIMIT ?[0m  [["todo_id", 2], ["id", 1], ["LIMIT", 1]]
  [1m[35m (33.1ms)[0m  [1m[36mbegin transaction[0m
  [1m[35mSQL (31.1ms)[0m  [1m[31mDELETE FROM "items" WHERE "items"."id" = ?[0m  [["id", 1]]
  [1m[35m (1.2ms)[0m  [1m[36mcommit transaction[0m
Completed 204 No Content in 590ms (ActiveRecord: 67.6ms)


Started GET "/todos/2/items" for 127.0.0.1 at 2017-06-27 13:30:36 -0500
Processing by ItemsController#index as */*
  Parameters: {"todo_id"=>"2"}
  [1m[36mTodo Load (1.0ms)[0m  [1m[34mSELECT  "todos".* FROM "todos" WHERE "todos"."id" = ? LIMIT ?[0m  [["id", 2], ["LIMIT", 1]]
  [1m[36mItem Load (0.3ms)[0m  [1m[34mSELECT "items".* FROM "items" WHERE "items"."todo_id" = ?[0m  [["todo_id", 2]]
Completed 200 OK in 271ms (Views: 174.4ms | ActiveRecord: 1.3ms)


Started GET "/todos/2/items" for 127.0.0.1 at 2017-06-29 17:57:06 -0500
  [1m[35m (0.4ms)[0m  [1m[34mSELECT "schema_migrations"."version" FROM "schema_migrations" ORDER BY "schema_migrations"."version" ASC[0m
  
ActionController::RoutingError (uninitialized constant ExceptionHandler::AuthenticationError):
  
app/controllers/concerns/exception_handler.rb:11:in `block in <module:ExceptionHandler>'
app/controllers/application_controller.rb:4:in `include'
app/controllers/application_controller.rb:4:in `<class:ApplicationController>'
app/controllers/application_controller.rb:2:in `<top (required)>'
app/controllers/items_controller.rb:2:in `<top (required)>'
Started GET "/todos" for 127.0.0.1 at 2017-06-29 17:57:25 -0500
  
ActionController::RoutingError (uninitialized constant ExceptionHandler::AuthenticationError):
  
app/controllers/concerns/exception_handler.rb:11:in `block in <module:ExceptionHandler>'
app/controllers/application_controller.rb:4:in `include'
app/controllers/application_controller.rb:4:in `<class:ApplicationController>'
app/controllers/application_controller.rb:2:in `<top (required)>'
app/controllers/todos_controller.rb:1:in `<top (required)>'
